The system is: Linux - 5.4.0-122-generic - x86_64
Compiling the C compiler identification source file "CMakeCCompilerId.c" succeeded.
Compiler: /home/s22100141/AFLplusplus/afl-clang 
Build flags: 
Id flags:  

The output was:
0


Compilation of the C compiler identification source "CMakeCCompilerId.c" produced "a.out"

The C compiler identification is Clang, found in "/home/s22100141/cmark/build/CMakeFiles/3.18.2/CompilerIdC/a.out"

Compiling the CXX compiler identification source file "CMakeCXXCompilerId.cpp" succeeded.
Compiler: /home/s22100141/AFLplusplus/afl-c++ 
Build flags: 
Id flags:  

The output was:
0


Compilation of the CXX compiler identification source "CMakeCXXCompilerId.cpp" produced "a.out"

The CXX compiler identification is GNU, found in "/home/s22100141/cmark/build/CMakeFiles/3.18.2/CompilerIdCXX/a.out"

Detecting C compiler ABI info compiled with the following output:
Change Dir: /home/s22100141/cmark/build/CMakeFiles/CMakeTmp

Run Build Command(s):/usr/bin/make cmTC_2c930/fast && make[1]: Entering directory '/home/s22100141/cmark/build/CMakeFiles/CMakeTmp'
/usr/bin/make  -f CMakeFiles/cmTC_2c930.dir/build.make CMakeFiles/cmTC_2c930.dir/build
make[2]: Entering directory '/home/s22100141/cmark/build/CMakeFiles/CMakeTmp'
Building C object CMakeFiles/cmTC_2c930.dir/CMakeCCompilerABI.c.o
/home/s22100141/AFLplusplus/afl-clang   -v -o CMakeFiles/cmTC_2c930.dir/CMakeCCompilerABI.c.o -c /usr/local/share/cmake-3.18/Modules/CMakeCCompilerABI.c
Ubuntu clang version 13.0.1-++20220120110844+75e33f71c2da-1~exp1~20220120230854.66
Target: x86_64-pc-linux-gnu
Thread model: posix
InstalledDir: /usr/bin
Found candidate GCC installation: /usr/bin/../lib/gcc/x86_64-linux-gnu/7
Found candidate GCC installation: /usr/bin/../lib/gcc/x86_64-linux-gnu/7.5.0
Found candidate GCC installation: /usr/bin/../lib/gcc/x86_64-linux-gnu/8
Selected GCC installation: /usr/bin/../lib/gcc/x86_64-linux-gnu/7.5.0
Candidate multilib: .;@m64
Candidate multilib: 32;@m32
Candidate multilib: x32;@mx32
Selected multilib: .;@m64
 "/usr/lib/llvm-13/bin/clang" -cc1 -triple x86_64-pc-linux-gnu -S -disable-free -disable-llvm-verifier -discard-value-names -main-file-name CMakeCCompilerABI.c -mrelocation-model pic -pic-level 2 -fhalf-no-semantic-interposition -mframe-pointer=none -fmath-errno -fno-rounding-math -no-integrated-as -mconstructor-aliases -munwind-tables -target-cpu x86-64 -tune-cpu generic -mllvm -treat-scalable-fixed-error-as-warning -debug-info-kind=constructor -dwarf-version=4 -debugger-tuning=gdb -fno-dwarf-directory-asm -v -fcoverage-compilation-dir=/home/s22100141/cmark/build/CMakeFiles/CMakeTmp -resource-dir /usr/lib/llvm-13/lib/clang/13.0.1 -D __AFL_COMPILER=1 -D FUZZING_BUILD_MODE_UNSAFE_FOR_PRODUCTION=1 -D "__AFL_COVERAGE()=int __afl_selective_coverage = 1;void __afl_coverage_discard();void __afl_coverage_skip();void __afl_coverage_on();void __afl_coverage_off();" -D "__AFL_COVERAGE_START_OFF()=int __afl_selective_coverage_start_off = 1;" -D __AFL_COVERAGE_ON()=__afl_coverage_on() -D __AFL_COVERAGE_OFF()=__afl_coverage_off() -D __AFL_COVERAGE_DISCARD()=__afl_coverage_discard() -D __AFL_COVERAGE_SKIP()=__afl_coverage_skip() -D "__AFL_FUZZ_TESTCASE_BUF=(__afl_fuzz_ptr ? __afl_fuzz_ptr : __afl_fuzz_alt_ptr)" -D "__AFL_FUZZ_TESTCASE_LEN=(__afl_fuzz_ptr ? *__afl_fuzz_len : (*__afl_fuzz_len = read(0, __afl_fuzz_alt_ptr, 1048576)) == 0xffffffff ? 0 : *__afl_fuzz_len)" -internal-isystem /usr/lib/llvm-13/lib/clang/13.0.1/include -internal-isystem /usr/local/include -internal-isystem /usr/bin/../lib/gcc/x86_64-linux-gnu/7.5.0/../../../../x86_64-linux-gnu/include -internal-externc-isystem /usr/include/x86_64-linux-gnu -internal-externc-isystem /include -internal-externc-isystem /usr/include -O3 -Wno-unused-command-line-argument -fdebug-compilation-dir=/home/s22100141/cmark/build/CMakeFiles/CMakeTmp -ferror-limit 19 -funroll-loops -fgnuc-version=4.2.1 -vectorize-loops -vectorize-slp -D__GCC_HAVE_DWARF2_CFI_ASM=1 -o /tmp/CMakeCCompilerABI-ce4604.s -x c /usr/local/share/cmake-3.18/Modules/CMakeCCompilerABI.c
clang -cc1 version 13.0.1 based upon LLVM 13.0.1 default target x86_64-pc-linux-gnu
ignoring nonexistent directory "/usr/bin/../lib/gcc/x86_64-linux-gnu/7.5.0/../../../../x86_64-linux-gnu/include"
ignoring nonexistent directory "/include"
#include "..." search starts here:
#include <...> search starts here:
 /usr/lib/llvm-13/lib/clang/13.0.1/include
 /usr/local/include
 /usr/include/x86_64-linux-gnu
 /usr/include
End of search list.
 "/home/s22100141/AFLplusplus/as" --64 -o CMakeFiles/cmTC_2c930.dir/CMakeCCompilerABI.c.o /tmp/CMakeCCompilerABI-ce4604.s
Linking C executable cmTC_2c930
/usr/local/bin/cmake -E cmake_link_script CMakeFiles/cmTC_2c930.dir/link.txt --verbose=1
/home/s22100141/AFLplusplus/afl-clang  -v CMakeFiles/cmTC_2c930.dir/CMakeCCompilerABI.c.o -o cmTC_2c930 
Ubuntu clang version 13.0.1-++20220120110844+75e33f71c2da-1~exp1~20220120230854.66
Target: x86_64-pc-linux-gnu
Thread model: posix
InstalledDir: /usr/bin
Found candidate GCC installation: /usr/bin/../lib/gcc/x86_64-linux-gnu/7
Found candidate GCC installation: /usr/bin/../lib/gcc/x86_64-linux-gnu/7.5.0
Found candidate GCC installation: /usr/bin/../lib/gcc/x86_64-linux-gnu/8
Selected GCC installation: /usr/bin/../lib/gcc/x86_64-linux-gnu/7.5.0
Candidate multilib: .;@m64
Candidate multilib: 32;@m32
Candidate multilib: x32;@mx32
Selected multilib: .;@m64
 "/usr/bin/ld" -z relro --hash-style=gnu --build-id --eh-frame-hdr -m elf_x86_64 -dynamic-linker /lib64/ld-linux-x86-64.so.2 -o cmTC_2c930 /usr/lib/x86_64-linux-gnu/crt1.o /usr/lib/x86_64-linux-gnu/crti.o /usr/bin/../lib/gcc/x86_64-linux-gnu/7.5.0/crtbegin.o -L/usr/bin/../lib/gcc/x86_64-linux-gnu/7.5.0 -L/lib/x86_64-linux-gnu -L/lib/../lib64 -L/usr/lib/x86_64-linux-gnu -L/usr/lib/llvm-13/bin/../lib -L/lib -L/usr/lib CMakeFiles/cmTC_2c930.dir/CMakeCCompilerABI.c.o -lgcc --as-needed -lgcc_s --no-as-needed -lc -lgcc --as-needed -lgcc_s --no-as-needed /usr/bin/../lib/gcc/x86_64-linux-gnu/7.5.0/crtend.o /usr/lib/x86_64-linux-gnu/crtn.o
make[2]: Leaving directory '/home/s22100141/cmark/build/CMakeFiles/CMakeTmp'
make[1]: Leaving directory '/home/s22100141/cmark/build/CMakeFiles/CMakeTmp'



Parsed C implicit include dir info from above output: rv=done
  found start of include info
  found start of implicit include info
    add: [/usr/lib/llvm-13/lib/clang/13.0.1/include]
    add: [/usr/local/include]
    add: [/usr/include/x86_64-linux-gnu]
    add: [/usr/include]
  end of search list found
  collapse include dir [/usr/lib/llvm-13/lib/clang/13.0.1/include] ==> [/usr/lib/llvm-13/lib/clang/13.0.1/include]
  collapse include dir [/usr/local/include] ==> [/usr/local/include]
  collapse include dir [/usr/include/x86_64-linux-gnu] ==> [/usr/include/x86_64-linux-gnu]
  collapse include dir [/usr/include] ==> [/usr/include]
  implicit include dirs: [/usr/lib/llvm-13/lib/clang/13.0.1/include;/usr/local/include;/usr/include/x86_64-linux-gnu;/usr/include]


Parsed C implicit link information from above output:
  link line regex: [^( *|.*[/\])(ld|CMAKE_LINK_STARTFILE-NOTFOUND|([^/\]+-)?ld|collect2)[^/\]*( |$)]
  ignore line: [Change Dir: /home/s22100141/cmark/build/CMakeFiles/CMakeTmp]
  ignore line: []
  ignore line: [Run Build Command(s):/usr/bin/make cmTC_2c930/fast && make[1]: Entering directory '/home/s22100141/cmark/build/CMakeFiles/CMakeTmp']
  ignore line: [/usr/bin/make  -f CMakeFiles/cmTC_2c930.dir/build.make CMakeFiles/cmTC_2c930.dir/build]
  ignore line: [make[2]: Entering directory '/home/s22100141/cmark/build/CMakeFiles/CMakeTmp']
  ignore line: [Building C object CMakeFiles/cmTC_2c930.dir/CMakeCCompilerABI.c.o]
  ignore line: [/home/s22100141/AFLplusplus/afl-clang   -v -o CMakeFiles/cmTC_2c930.dir/CMakeCCompilerABI.c.o -c /usr/local/share/cmake-3.18/Modules/CMakeCCompilerABI.c]
  ignore line: [Ubuntu clang version 13.0.1-++20220120110844+75e33f71c2da-1~exp1~20220120230854.66]
  ignore line: [Target: x86_64-pc-linux-gnu]
  ignore line: [Thread model: posix]
  ignore line: [InstalledDir: /usr/bin]
  ignore line: [Found candidate GCC installation: /usr/bin/../lib/gcc/x86_64-linux-gnu/7]
  ignore line: [Found candidate GCC installation: /usr/bin/../lib/gcc/x86_64-linux-gnu/7.5.0]
  ignore line: [Found candidate GCC installation: /usr/bin/../lib/gcc/x86_64-linux-gnu/8]
  ignore line: [Selected GCC installation: /usr/bin/../lib/gcc/x86_64-linux-gnu/7.5.0]
  ignore line: [Candidate multilib: .]
  ignore line: [@m64]
  ignore line: [Candidate multilib: 32]
  ignore line: [@m32]
  ignore line: [Candidate multilib: x32]
  ignore line: [@mx32]
  ignore line: [Selected multilib: .]
  ignore line: [@m64]
  ignore line: [ "/usr/lib/llvm-13/bin/clang" -cc1 -triple x86_64-pc-linux-gnu -S -disable-free -disable-llvm-verifier -discard-value-names -main-file-name CMakeCCompilerABI.c -mrelocation-model pic -pic-level 2 -fhalf-no-semantic-interposition -mframe-pointer=none -fmath-errno -fno-rounding-math -no-integrated-as -mconstructor-aliases -munwind-tables -target-cpu x86-64 -tune-cpu generic -mllvm -treat-scalable-fixed-error-as-warning -debug-info-kind=constructor -dwarf-version=4 -debugger-tuning=gdb -fno-dwarf-directory-asm -v -fcoverage-compilation-dir=/home/s22100141/cmark/build/CMakeFiles/CMakeTmp -resource-dir /usr/lib/llvm-13/lib/clang/13.0.1 -D __AFL_COMPILER=1 -D FUZZING_BUILD_MODE_UNSAFE_FOR_PRODUCTION=1 -D "__AFL_COVERAGE()=int __afl_selective_coverage = 1]
  ignore line: [void __afl_coverage_discard()]
  ignore line: [void __afl_coverage_skip()]
  ignore line: [void __afl_coverage_on()]
  ignore line: [void __afl_coverage_off()]
  ignore line: [" -D "__AFL_COVERAGE_START_OFF()=int __afl_selective_coverage_start_off = 1]
  ignore line: [" -D __AFL_COVERAGE_ON()=__afl_coverage_on() -D __AFL_COVERAGE_OFF()=__afl_coverage_off() -D __AFL_COVERAGE_DISCARD()=__afl_coverage_discard() -D __AFL_COVERAGE_SKIP()=__afl_coverage_skip() -D "__AFL_FUZZ_TESTCASE_BUF=(__afl_fuzz_ptr ? __afl_fuzz_ptr : __afl_fuzz_alt_ptr)" -D "__AFL_FUZZ_TESTCASE_LEN=(__afl_fuzz_ptr ? *__afl_fuzz_len : (*__afl_fuzz_len = read(0  __afl_fuzz_alt_ptr  1048576)) == 0xffffffff ? 0 : *__afl_fuzz_len)" -internal-isystem /usr/lib/llvm-13/lib/clang/13.0.1/include -internal-isystem /usr/local/include -internal-isystem /usr/bin/../lib/gcc/x86_64-linux-gnu/7.5.0/../../../../x86_64-linux-gnu/include -internal-externc-isystem /usr/include/x86_64-linux-gnu -internal-externc-isystem /include -internal-externc-isystem /usr/include -O3 -Wno-unused-command-line-argument -fdebug-compilation-dir=/home/s22100141/cmark/build/CMakeFiles/CMakeTmp -ferror-limit 19 -funroll-loops -fgnuc-version=4.2.1 -vectorize-loops -vectorize-slp -D__GCC_HAVE_DWARF2_CFI_ASM=1 -o /tmp/CMakeCCompilerABI-ce4604.s -x c /usr/local/share/cmake-3.18/Modules/CMakeCCompilerABI.c]
  ignore line: [clang -cc1 version 13.0.1 based upon LLVM 13.0.1 default target x86_64-pc-linux-gnu]
  ignore line: [ignoring nonexistent directory "/usr/bin/../lib/gcc/x86_64-linux-gnu/7.5.0/../../../../x86_64-linux-gnu/include"]
  ignore line: [ignoring nonexistent directory "/include"]
  ignore line: [#include "..." search starts here:]
  ignore line: [#include <...> search starts here:]
  ignore line: [ /usr/lib/llvm-13/lib/clang/13.0.1/include]
  ignore line: [ /usr/local/include]
  ignore line: [ /usr/include/x86_64-linux-gnu]
  ignore line: [ /usr/include]
  ignore line: [End of search list.]
  ignore line: [ "/home/s22100141/AFLplusplus/as" --64 -o CMakeFiles/cmTC_2c930.dir/CMakeCCompilerABI.c.o /tmp/CMakeCCompilerABI-ce4604.s]
  ignore line: [Linking C executable cmTC_2c930]
  ignore line: [/usr/local/bin/cmake -E cmake_link_script CMakeFiles/cmTC_2c930.dir/link.txt --verbose=1]
  ignore line: [/home/s22100141/AFLplusplus/afl-clang  -v CMakeFiles/cmTC_2c930.dir/CMakeCCompilerABI.c.o -o cmTC_2c930 ]
  ignore line: [Ubuntu clang version 13.0.1-++20220120110844+75e33f71c2da-1~exp1~20220120230854.66]
  ignore line: [Target: x86_64-pc-linux-gnu]
  ignore line: [Thread model: posix]
  ignore line: [InstalledDir: /usr/bin]
  ignore line: [Found candidate GCC installation: /usr/bin/../lib/gcc/x86_64-linux-gnu/7]
  ignore line: [Found candidate GCC installation: /usr/bin/../lib/gcc/x86_64-linux-gnu/7.5.0]
  ignore line: [Found candidate GCC installation: /usr/bin/../lib/gcc/x86_64-linux-gnu/8]
  ignore line: [Selected GCC installation: /usr/bin/../lib/gcc/x86_64-linux-gnu/7.5.0]
  ignore line: [Candidate multilib: .]
  ignore line: [@m64]
  ignore line: [Candidate multilib: 32]
  ignore line: [@m32]
  ignore line: [Candidate multilib: x32]
  ignore line: [@mx32]
  ignore line: [Selected multilib: .]
  ignore line: [@m64]
  link line: [ "/usr/bin/ld" -z relro --hash-style=gnu --build-id --eh-frame-hdr -m elf_x86_64 -dynamic-linker /lib64/ld-linux-x86-64.so.2 -o cmTC_2c930 /usr/lib/x86_64-linux-gnu/crt1.o /usr/lib/x86_64-linux-gnu/crti.o /usr/bin/../lib/gcc/x86_64-linux-gnu/7.5.0/crtbegin.o -L/usr/bin/../lib/gcc/x86_64-linux-gnu/7.5.0 -L/lib/x86_64-linux-gnu -L/lib/../lib64 -L/usr/lib/x86_64-linux-gnu -L/usr/lib/llvm-13/bin/../lib -L/lib -L/usr/lib CMakeFiles/cmTC_2c930.dir/CMakeCCompilerABI.c.o -lgcc --as-needed -lgcc_s --no-as-needed -lc -lgcc --as-needed -lgcc_s --no-as-needed /usr/bin/../lib/gcc/x86_64-linux-gnu/7.5.0/crtend.o /usr/lib/x86_64-linux-gnu/crtn.o]
    arg [/usr/bin/ld] ==> ignore
    arg [-zrelro] ==> ignore
    arg [--hash-style=gnu] ==> ignore
    arg [--build-id] ==> ignore
    arg [--eh-frame-hdr] ==> ignore
    arg [-m] ==> ignore
    arg [elf_x86_64] ==> ignore
    arg [-dynamic-linker] ==> ignore
    arg [/lib64/ld-linux-x86-64.so.2] ==> ignore
    arg [-o] ==> ignore
    arg [cmTC_2c930] ==> ignore
    arg [/usr/lib/x86_64-linux-gnu/crt1.o] ==> ignore
    arg [/usr/lib/x86_64-linux-gnu/crti.o] ==> ignore
    arg [/usr/bin/../lib/gcc/x86_64-linux-gnu/7.5.0/crtbegin.o] ==> ignore
    arg [-L/usr/bin/../lib/gcc/x86_64-linux-gnu/7.5.0] ==> dir [/usr/bin/../lib/gcc/x86_64-linux-gnu/7.5.0]
    arg [-L/lib/x86_64-linux-gnu] ==> dir [/lib/x86_64-linux-gnu]
    arg [-L/lib/../lib64] ==> dir [/lib/../lib64]
    arg [-L/usr/lib/x86_64-linux-gnu] ==> dir [/usr/lib/x86_64-linux-gnu]
    arg [-L/usr/lib/llvm-13/bin/../lib] ==> dir [/usr/lib/llvm-13/bin/../lib]
    arg [-L/lib] ==> dir [/lib]
    arg [-L/usr/lib] ==> dir [/usr/lib]
    arg [CMakeFiles/cmTC_2c930.dir/CMakeCCompilerABI.c.o] ==> ignore
    arg [-lgcc] ==> lib [gcc]
    arg [--as-needed] ==> ignore
    arg [-lgcc_s] ==> lib [gcc_s]
    arg [--no-as-needed] ==> ignore
    arg [-lc] ==> lib [c]
    arg [-lgcc] ==> lib [gcc]
    arg [--as-needed] ==> ignore
    arg [-lgcc_s] ==> lib [gcc_s]
    arg [--no-as-needed] ==> ignore
    arg [/usr/bin/../lib/gcc/x86_64-linux-gnu/7.5.0/crtend.o] ==> ignore
    arg [/usr/lib/x86_64-linux-gnu/crtn.o] ==> ignore
  collapse library dir [/usr/bin/../lib/gcc/x86_64-linux-gnu/7.5.0] ==> [/usr/lib/gcc/x86_64-linux-gnu/7.5.0]
  collapse library dir [/lib/x86_64-linux-gnu] ==> [/lib/x86_64-linux-gnu]
  collapse library dir [/lib/../lib64] ==> [/lib64]
  collapse library dir [/usr/lib/x86_64-linux-gnu] ==> [/usr/lib/x86_64-linux-gnu]
  collapse library dir [/usr/lib/llvm-13/bin/../lib] ==> [/usr/lib/llvm-13/lib]
  collapse library dir [/lib] ==> [/lib]
  collapse library dir [/usr/lib] ==> [/usr/lib]
  implicit libs: [gcc;gcc_s;c;gcc;gcc_s]
  implicit dirs: [/usr/lib/gcc/x86_64-linux-gnu/7.5.0;/lib/x86_64-linux-gnu;/lib64;/usr/lib/x86_64-linux-gnu;/usr/lib/llvm-13/lib;/lib;/usr/lib]
  implicit fwks: []


Detecting CXX compiler ABI info compiled with the following output:
Change Dir: /home/s22100141/cmark/build/CMakeFiles/CMakeTmp

Run Build Command(s):/usr/bin/make cmTC_f7fbf/fast && make[1]: Entering directory '/home/s22100141/cmark/build/CMakeFiles/CMakeTmp'
/usr/bin/make  -f CMakeFiles/cmTC_f7fbf.dir/build.make CMakeFiles/cmTC_f7fbf.dir/build
make[2]: Entering directory '/home/s22100141/cmark/build/CMakeFiles/CMakeTmp'
Building CXX object CMakeFiles/cmTC_f7fbf.dir/CMakeCXXCompilerABI.cpp.o
/home/s22100141/AFLplusplus/afl-c++   -v -o CMakeFiles/cmTC_f7fbf.dir/CMakeCXXCompilerABI.cpp.o -c /usr/local/share/cmake-3.18/Modules/CMakeCXXCompilerABI.cpp
Using built-in specs.
COLLECT_GCC=g++
OFFLOAD_TARGET_NAMES=nvptx-none
OFFLOAD_TARGET_DEFAULT=1
Target: x86_64-linux-gnu
Configured with: ../src/configure -v --with-pkgversion='Ubuntu 7.5.0-3ubuntu1~18.04' --with-bugurl=file:///usr/share/doc/gcc-7/README.Bugs --enable-languages=c,ada,c++,go,brig,d,fortran,objc,obj-c++ --prefix=/usr --with-gcc-major-version-only --program-suffix=-7 --program-prefix=x86_64-linux-gnu- --enable-shared --enable-linker-build-id --libexecdir=/usr/lib --without-included-gettext --enable-threads=posix --libdir=/usr/lib --enable-nls --enable-bootstrap --enable-clocale=gnu --enable-libstdcxx-debug --enable-libstdcxx-time=yes --with-default-libstdcxx-abi=new --enable-gnu-unique-object --disable-vtable-verify --enable-libmpx --enable-plugin --enable-default-pie --with-system-zlib --with-target-system-zlib --enable-objc-gc=auto --enable-multiarch --disable-werror --with-arch-32=i686 --with-abi=m64 --with-multilib-list=m32,m64,mx32 --enable-multilib --with-tune=generic --enable-offload-targets=nvptx-none --without-cuda-driver --enable-checking=release --build=x86_64-linux-gnu --host=x86_64-linux-gnu --target=x86_64-linux-gnu
Thread model: posix
gcc version 7.5.0 (Ubuntu 7.5.0-3ubuntu1~18.04) 
COLLECT_GCC_OPTIONS='-B' '/home/s22100141/AFLplusplus' '-v' '-o' 'CMakeFiles/cmTC_f7fbf.dir/CMakeCXXCompilerABI.cpp.o' '-c' '-fPIC' '-g' '-O3' '-funroll-loops' '-D' '__AFL_COMPILER=1' '-D' 'FUZZING_BUILD_MODE_UNSAFE_FOR_PRODUCTION=1' '-D' '__AFL_COVERAGE()=int __afl_selective_coverage = 1;extern "C" void __afl_coverage_discard();extern "C" void __afl_coverage_skip();extern "C" void __afl_coverage_on();extern "C" void __afl_coverage_off();' '-D' '__AFL_COVERAGE_START_OFF()=int __afl_selective_coverage_start_off = 1;' '-D' '__AFL_COVERAGE_ON()=__afl_coverage_on()' '-D' '__AFL_COVERAGE_OFF()=__afl_coverage_off()' '-D' '__AFL_COVERAGE_DISCARD()=__afl_coverage_discard()' '-D' '__AFL_COVERAGE_SKIP()=__afl_coverage_skip()' '-D' '__AFL_FUZZ_TESTCASE_BUF=(__afl_fuzz_ptr ? __afl_fuzz_ptr : __afl_fuzz_alt_ptr)' '-D' '__AFL_FUZZ_TESTCASE_LEN=(__afl_fuzz_ptr ? *__afl_fuzz_len : (*__afl_fuzz_len = read(0, __afl_fuzz_alt_ptr, 1048576)) == 0xffffffff ? 0 : *__afl_fuzz_len)' '-shared-libgcc' '-mtune=generic' '-march=x86-64'
 /usr/lib/gcc/x86_64-linux-gnu/7/cc1plus -quiet -v -imultiarch x86_64-linux-gnu -isystem /home/s22100141/AFLplusplus/include -D_GNU_SOURCE -D __AFL_COMPILER=1 -D FUZZING_BUILD_MODE_UNSAFE_FOR_PRODUCTION=1 -D __AFL_COVERAGE()=int __afl_selective_coverage = 1;extern "C" void __afl_coverage_discard();extern "C" void __afl_coverage_skip();extern "C" void __afl_coverage_on();extern "C" void __afl_coverage_off(); -D __AFL_COVERAGE_START_OFF()=int __afl_selective_coverage_start_off = 1; -D __AFL_COVERAGE_ON()=__afl_coverage_on() -D __AFL_COVERAGE_OFF()=__afl_coverage_off() -D __AFL_COVERAGE_DISCARD()=__afl_coverage_discard() -D __AFL_COVERAGE_SKIP()=__afl_coverage_skip() -D __AFL_FUZZ_TESTCASE_BUF=(__afl_fuzz_ptr ? __afl_fuzz_ptr : __afl_fuzz_alt_ptr) -D __AFL_FUZZ_TESTCASE_LEN=(__afl_fuzz_ptr ? *__afl_fuzz_len : (*__afl_fuzz_len = read(0, __afl_fuzz_alt_ptr, 1048576)) == 0xffffffff ? 0 : *__afl_fuzz_len) /usr/local/share/cmake-3.18/Modules/CMakeCXXCompilerABI.cpp -quiet -dumpbase CMakeCXXCompilerABI.cpp -mtune=generic -march=x86-64 -auxbase-strip CMakeFiles/cmTC_f7fbf.dir/CMakeCXXCompilerABI.cpp.o -g -O3 -version -fPIC -funroll-loops -fstack-protector-strong -Wformat -Wformat-security -o /tmp/cc40bfYr.s
GNU C++14 (Ubuntu 7.5.0-3ubuntu1~18.04) version 7.5.0 (x86_64-linux-gnu)
	compiled by GNU C version 7.5.0, GMP version 6.1.2, MPFR version 4.0.1, MPC version 1.1.0, isl version isl-0.19-GMP

GGC heuristics: --param ggc-min-expand=100 --param ggc-min-heapsize=131072
ignoring duplicate directory "/usr/include/x86_64-linux-gnu/c++/7"
ignoring nonexistent directory "/usr/local/include/x86_64-linux-gnu"
ignoring nonexistent directory "/usr/lib/gcc/x86_64-linux-gnu/7/../../../../x86_64-linux-gnu/include"
#include "..." search starts here:
#include <...> search starts here:
 /home/s22100141/AFLplusplus/include
 /usr/include/c++/7
 /usr/include/x86_64-linux-gnu/c++/7
 /usr/include/c++/7/backward
 /usr/lib/gcc/x86_64-linux-gnu/7/include
 /usr/local/include
 /usr/lib/gcc/x86_64-linux-gnu/7/include-fixed
 /usr/include/x86_64-linux-gnu
 /usr/include
End of search list.
GNU C++14 (Ubuntu 7.5.0-3ubuntu1~18.04) version 7.5.0 (x86_64-linux-gnu)
	compiled by GNU C version 7.5.0, GMP version 6.1.2, MPFR version 4.0.1, MPC version 1.1.0, isl version isl-0.19-GMP

GGC heuristics: --param ggc-min-expand=100 --param ggc-min-heapsize=131072
Compiler executable checksum: 3eb3dc290cd5714c3e1c3ae751116f07
COLLECT_GCC_OPTIONS='-B' '/home/s22100141/AFLplusplus' '-v' '-o' 'CMakeFiles/cmTC_f7fbf.dir/CMakeCXXCompilerABI.cpp.o' '-c' '-fPIC' '-g' '-O3' '-funroll-loops' '-D' '__AFL_COMPILER=1' '-D' 'FUZZING_BUILD_MODE_UNSAFE_FOR_PRODUCTION=1' '-D' '__AFL_COVERAGE()=int __afl_selective_coverage = 1;extern "C" void __afl_coverage_discard();extern "C" void __afl_coverage_skip();extern "C" void __afl_coverage_on();extern "C" void __afl_coverage_off();' '-D' '__AFL_COVERAGE_START_OFF()=int __afl_selective_coverage_start_off = 1;' '-D' '__AFL_COVERAGE_ON()=__afl_coverage_on()' '-D' '__AFL_COVERAGE_OFF()=__afl_coverage_off()' '-D' '__AFL_COVERAGE_DISCARD()=__afl_coverage_discard()' '-D' '__AFL_COVERAGE_SKIP()=__afl_coverage_skip()' '-D' '__AFL_FUZZ_TESTCASE_BUF=(__afl_fuzz_ptr ? __afl_fuzz_ptr : __afl_fuzz_alt_ptr)' '-D' '__AFL_FUZZ_TESTCASE_LEN=(__afl_fuzz_ptr ? *__afl_fuzz_len : (*__afl_fuzz_len = read(0, __afl_fuzz_alt_ptr, 1048576)) == 0xffffffff ? 0 : *__afl_fuzz_len)' '-shared-libgcc' '-mtune=generic' '-march=x86-64'
 /home/s22100141/AFLplusplus/as -v --64 -o CMakeFiles/cmTC_f7fbf.dir/CMakeCXXCompilerABI.cpp.o /tmp/cc40bfYr.s
GNU assembler version 2.30 (x86_64-linux-gnu) using BFD version (GNU Binutils for Ubuntu) 2.30
COMPILER_PATH=/home/s22100141/AFLplusplus/:/usr/lib/gcc/x86_64-linux-gnu/7/:/usr/lib/gcc/x86_64-linux-gnu/7/:/usr/lib/gcc/x86_64-linux-gnu/:/usr/lib/gcc/x86_64-linux-gnu/7/:/usr/lib/gcc/x86_64-linux-gnu/
LIBRARY_PATH=/home/s22100141/AFLplusplus/:/usr/lib/gcc/x86_64-linux-gnu/7/:/usr/lib/gcc/x86_64-linux-gnu/7/../../../x86_64-linux-gnu/:/usr/lib/gcc/x86_64-linux-gnu/7/../../../../lib/:/lib/x86_64-linux-gnu/:/lib/../lib/:/usr/lib/x86_64-linux-gnu/:/usr/lib/../lib/:/usr/lib/gcc/x86_64-linux-gnu/7/../../../:/lib/:/usr/lib/
COLLECT_GCC_OPTIONS='-B' '/home/s22100141/AFLplusplus' '-v' '-o' 'CMakeFiles/cmTC_f7fbf.dir/CMakeCXXCompilerABI.cpp.o' '-c' '-fPIC' '-g' '-O3' '-funroll-loops' '-D' '__AFL_COMPILER=1' '-D' 'FUZZING_BUILD_MODE_UNSAFE_FOR_PRODUCTION=1' '-D' '__AFL_COVERAGE()=int __afl_selective_coverage = 1;extern "C" void __afl_coverage_discard();extern "C" void __afl_coverage_skip();extern "C" void __afl_coverage_on();extern "C" void __afl_coverage_off();' '-D' '__AFL_COVERAGE_START_OFF()=int __afl_selective_coverage_start_off = 1;' '-D' '__AFL_COVERAGE_ON()=__afl_coverage_on()' '-D' '__AFL_COVERAGE_OFF()=__afl_coverage_off()' '-D' '__AFL_COVERAGE_DISCARD()=__afl_coverage_discard()' '-D' '__AFL_COVERAGE_SKIP()=__afl_coverage_skip()' '-D' '__AFL_FUZZ_TESTCASE_BUF=(__afl_fuzz_ptr ? __afl_fuzz_ptr : __afl_fuzz_alt_ptr)' '-D' '__AFL_FUZZ_TESTCASE_LEN=(__afl_fuzz_ptr ? *__afl_fuzz_len : (*__afl_fuzz_len = read(0, __afl_fuzz_alt_ptr, 1048576)) == 0xffffffff ? 0 : *__afl_fuzz_len)' '-shared-libgcc' '-mtune=generic' '-march=x86-64'
Linking CXX executable cmTC_f7fbf
/usr/local/bin/cmake -E cmake_link_script CMakeFiles/cmTC_f7fbf.dir/link.txt --verbose=1
/home/s22100141/AFLplusplus/afl-c++  -v CMakeFiles/cmTC_f7fbf.dir/CMakeCXXCompilerABI.cpp.o -o cmTC_f7fbf 
Using built-in specs.
COLLECT_GCC=g++
COLLECT_LTO_WRAPPER=/usr/lib/gcc/x86_64-linux-gnu/7/lto-wrapper
OFFLOAD_TARGET_NAMES=nvptx-none
OFFLOAD_TARGET_DEFAULT=1
Target: x86_64-linux-gnu
Configured with: ../src/configure -v --with-pkgversion='Ubuntu 7.5.0-3ubuntu1~18.04' --with-bugurl=file:///usr/share/doc/gcc-7/README.Bugs --enable-languages=c,ada,c++,go,brig,d,fortran,objc,obj-c++ --prefix=/usr --with-gcc-major-version-only --program-suffix=-7 --program-prefix=x86_64-linux-gnu- --enable-shared --enable-linker-build-id --libexecdir=/usr/lib --without-included-gettext --enable-threads=posix --libdir=/usr/lib --enable-nls --enable-bootstrap --enable-clocale=gnu --enable-libstdcxx-debug --enable-libstdcxx-time=yes --with-default-libstdcxx-abi=new --enable-gnu-unique-object --disable-vtable-verify --enable-libmpx --enable-plugin --enable-default-pie --with-system-zlib --with-target-system-zlib --enable-objc-gc=auto --enable-multiarch --disable-werror --with-arch-32=i686 --with-abi=m64 --with-multilib-list=m32,m64,mx32 --enable-multilib --with-tune=generic --enable-offload-targets=nvptx-none --without-cuda-driver --enable-checking=release --build=x86_64-linux-gnu --host=x86_64-linux-gnu --target=x86_64-linux-gnu
Thread model: posix
gcc version 7.5.0 (Ubuntu 7.5.0-3ubuntu1~18.04) 
COMPILER_PATH=/home/s22100141/AFLplusplus/:/usr/lib/gcc/x86_64-linux-gnu/7/:/usr/lib/gcc/x86_64-linux-gnu/7/:/usr/lib/gcc/x86_64-linux-gnu/:/usr/lib/gcc/x86_64-linux-gnu/7/:/usr/lib/gcc/x86_64-linux-gnu/
LIBRARY_PATH=/home/s22100141/AFLplusplus/:/usr/lib/gcc/x86_64-linux-gnu/7/:/usr/lib/gcc/x86_64-linux-gnu/7/../../../x86_64-linux-gnu/:/usr/lib/gcc/x86_64-linux-gnu/7/../../../../lib/:/lib/x86_64-linux-gnu/:/lib/../lib/:/usr/lib/x86_64-linux-gnu/:/usr/lib/../lib/:/usr/lib/gcc/x86_64-linux-gnu/7/../../../:/lib/:/usr/lib/
COLLECT_GCC_OPTIONS='-B' '/home/s22100141/AFLplusplus' '-v' '-o' 'cmTC_f7fbf' '-fPIC' '-g' '-O3' '-funroll-loops' '-D' '__AFL_COMPILER=1' '-D' 'FUZZING_BUILD_MODE_UNSAFE_FOR_PRODUCTION=1' '-D' '__AFL_COVERAGE()=int __afl_selective_coverage = 1;extern "C" void __afl_coverage_discard();extern "C" void __afl_coverage_skip();extern "C" void __afl_coverage_on();extern "C" void __afl_coverage_off();' '-D' '__AFL_COVERAGE_START_OFF()=int __afl_selective_coverage_start_off = 1;' '-D' '__AFL_COVERAGE_ON()=__afl_coverage_on()' '-D' '__AFL_COVERAGE_OFF()=__afl_coverage_off()' '-D' '__AFL_COVERAGE_DISCARD()=__afl_coverage_discard()' '-D' '__AFL_COVERAGE_SKIP()=__afl_coverage_skip()' '-D' '__AFL_FUZZ_TESTCASE_BUF=(__afl_fuzz_ptr ? __afl_fuzz_ptr : __afl_fuzz_alt_ptr)' '-D' '__AFL_FUZZ_TESTCASE_LEN=(__afl_fuzz_ptr ? *__afl_fuzz_len : (*__afl_fuzz_len = read(0, __afl_fuzz_alt_ptr, 1048576)) == 0xffffffff ? 0 : *__afl_fuzz_len)' '-shared-libgcc' '-mtune=generic' '-march=x86-64'
 /usr/lib/gcc/x86_64-linux-gnu/7/collect2 -plugin /usr/lib/gcc/x86_64-linux-gnu/7/liblto_plugin.so -plugin-opt=/usr/lib/gcc/x86_64-linux-gnu/7/lto-wrapper -plugin-opt=-fresolution=/tmp/cctYNEuu.res -plugin-opt=-pass-through=-lgcc_s -plugin-opt=-pass-through=-lgcc -plugin-opt=-pass-through=-lc -plugin-opt=-pass-through=-lgcc_s -plugin-opt=-pass-through=-lgcc --build-id --eh-frame-hdr -m elf_x86_64 --hash-style=gnu --as-needed -dynamic-linker /lib64/ld-linux-x86-64.so.2 -pie -z now -z relro -o cmTC_f7fbf /usr/lib/gcc/x86_64-linux-gnu/7/../../../x86_64-linux-gnu/Scrt1.o /usr/lib/gcc/x86_64-linux-gnu/7/../../../x86_64-linux-gnu/crti.o /usr/lib/gcc/x86_64-linux-gnu/7/crtbeginS.o -L/home/s22100141/AFLplusplus -L/usr/lib/gcc/x86_64-linux-gnu/7 -L/usr/lib/gcc/x86_64-linux-gnu/7/../../../x86_64-linux-gnu -L/usr/lib/gcc/x86_64-linux-gnu/7/../../../../lib -L/lib/x86_64-linux-gnu -L/lib/../lib -L/usr/lib/x86_64-linux-gnu -L/usr/lib/../lib -L/usr/lib/gcc/x86_64-linux-gnu/7/../../.. CMakeFiles/cmTC_f7fbf.dir/CMakeCXXCompilerABI.cpp.o -lstdc++ -lm -lgcc_s -lgcc -lc -lgcc_s -lgcc /usr/lib/gcc/x86_64-linux-gnu/7/crtendS.o /usr/lib/gcc/x86_64-linux-gnu/7/../../../x86_64-linux-gnu/crtn.o
COLLECT_GCC_OPTIONS='-B' '/home/s22100141/AFLplusplus' '-v' '-o' 'cmTC_f7fbf' '-fPIC' '-g' '-O3' '-funroll-loops' '-D' '__AFL_COMPILER=1' '-D' 'FUZZING_BUILD_MODE_UNSAFE_FOR_PRODUCTION=1' '-D' '__AFL_COVERAGE()=int __afl_selective_coverage = 1;extern "C" void __afl_coverage_discard();extern "C" void __afl_coverage_skip();extern "C" void __afl_coverage_on();extern "C" void __afl_coverage_off();' '-D' '__AFL_COVERAGE_START_OFF()=int __afl_selective_coverage_start_off = 1;' '-D' '__AFL_COVERAGE_ON()=__afl_coverage_on()' '-D' '__AFL_COVERAGE_OFF()=__afl_coverage_off()' '-D' '__AFL_COVERAGE_DISCARD()=__afl_coverage_discard()' '-D' '__AFL_COVERAGE_SKIP()=__afl_coverage_skip()' '-D' '__AFL_FUZZ_TESTCASE_BUF=(__afl_fuzz_ptr ? __afl_fuzz_ptr : __afl_fuzz_alt_ptr)' '-D' '__AFL_FUZZ_TESTCASE_LEN=(__afl_fuzz_ptr ? *__afl_fuzz_len : (*__afl_fuzz_len = read(0, __afl_fuzz_alt_ptr, 1048576)) == 0xffffffff ? 0 : *__afl_fuzz_len)' '-shared-libgcc' '-mtune=generic' '-march=x86-64'
make[2]: Leaving directory '/home/s22100141/cmark/build/CMakeFiles/CMakeTmp'
make[1]: Leaving directory '/home/s22100141/cmark/build/CMakeFiles/CMakeTmp'



Parsed CXX implicit include dir info from above output: rv=done
  found start of include info
  found start of implicit include info
    add: [/home/s22100141/AFLplusplus/include]
    add: [/usr/include/c++/7]
    add: [/usr/include/x86_64-linux-gnu/c++/7]
    add: [/usr/include/c++/7/backward]
    add: [/usr/lib/gcc/x86_64-linux-gnu/7/include]
    add: [/usr/local/include]
    add: [/usr/lib/gcc/x86_64-linux-gnu/7/include-fixed]
    add: [/usr/include/x86_64-linux-gnu]
    add: [/usr/include]
  end of search list found
  collapse include dir [/home/s22100141/AFLplusplus/include] ==> [/home/s22100141/AFLplusplus/include]
  collapse include dir [/usr/include/c++/7] ==> [/usr/include/c++/7]
  collapse include dir [/usr/include/x86_64-linux-gnu/c++/7] ==> [/usr/include/x86_64-linux-gnu/c++/7]
  collapse include dir [/usr/include/c++/7/backward] ==> [/usr/include/c++/7/backward]
  collapse include dir [/usr/lib/gcc/x86_64-linux-gnu/7/include] ==> [/usr/lib/gcc/x86_64-linux-gnu/7/include]
  collapse include dir [/usr/local/include] ==> [/usr/local/include]
  collapse include dir [/usr/lib/gcc/x86_64-linux-gnu/7/include-fixed] ==> [/usr/lib/gcc/x86_64-linux-gnu/7/include-fixed]
  collapse include dir [/usr/include/x86_64-linux-gnu] ==> [/usr/include/x86_64-linux-gnu]
  collapse include dir [/usr/include] ==> [/usr/include]
  implicit include dirs: [/home/s22100141/AFLplusplus/include;/usr/include/c++/7;/usr/include/x86_64-linux-gnu/c++/7;/usr/include/c++/7/backward;/usr/lib/gcc/x86_64-linux-gnu/7/include;/usr/local/include;/usr/lib/gcc/x86_64-linux-gnu/7/include-fixed;/usr/include/x86_64-linux-gnu;/usr/include]


Parsed CXX implicit link information from above output:
  link line regex: [^( *|.*[/\])(ld|CMAKE_LINK_STARTFILE-NOTFOUND|([^/\]+-)?ld|collect2)[^/\]*( |$)]
  ignore line: [Change Dir: /home/s22100141/cmark/build/CMakeFiles/CMakeTmp]
  ignore line: []
  ignore line: [Run Build Command(s):/usr/bin/make cmTC_f7fbf/fast && make[1]: Entering directory '/home/s22100141/cmark/build/CMakeFiles/CMakeTmp']
  ignore line: [/usr/bin/make  -f CMakeFiles/cmTC_f7fbf.dir/build.make CMakeFiles/cmTC_f7fbf.dir/build]
  ignore line: [make[2]: Entering directory '/home/s22100141/cmark/build/CMakeFiles/CMakeTmp']
  ignore line: [Building CXX object CMakeFiles/cmTC_f7fbf.dir/CMakeCXXCompilerABI.cpp.o]
  ignore line: [/home/s22100141/AFLplusplus/afl-c++   -v -o CMakeFiles/cmTC_f7fbf.dir/CMakeCXXCompilerABI.cpp.o -c /usr/local/share/cmake-3.18/Modules/CMakeCXXCompilerABI.cpp]
  ignore line: [Using built-in specs.]
  ignore line: [COLLECT_GCC=g++]
  ignore line: [OFFLOAD_TARGET_NAMES=nvptx-none]
  ignore line: [OFFLOAD_TARGET_DEFAULT=1]
  ignore line: [Target: x86_64-linux-gnu]
  ignore line: [Configured with: ../src/configure -v --with-pkgversion='Ubuntu 7.5.0-3ubuntu1~18.04' --with-bugurl=file:///usr/share/doc/gcc-7/README.Bugs --enable-languages=c ada c++ go brig d fortran objc obj-c++ --prefix=/usr --with-gcc-major-version-only --program-suffix=-7 --program-prefix=x86_64-linux-gnu- --enable-shared --enable-linker-build-id --libexecdir=/usr/lib --without-included-gettext --enable-threads=posix --libdir=/usr/lib --enable-nls --enable-bootstrap --enable-clocale=gnu --enable-libstdcxx-debug --enable-libstdcxx-time=yes --with-default-libstdcxx-abi=new --enable-gnu-unique-object --disable-vtable-verify --enable-libmpx --enable-plugin --enable-default-pie --with-system-zlib --with-target-system-zlib --enable-objc-gc=auto --enable-multiarch --disable-werror --with-arch-32=i686 --with-abi=m64 --with-multilib-list=m32 m64 mx32 --enable-multilib --with-tune=generic --enable-offload-targets=nvptx-none --without-cuda-driver --enable-checking=release --build=x86_64-linux-gnu --host=x86_64-linux-gnu --target=x86_64-linux-gnu]
  ignore line: [Thread model: posix]
  ignore line: [gcc version 7.5.0 (Ubuntu 7.5.0-3ubuntu1~18.04) ]
  ignore line: [COLLECT_GCC_OPTIONS='-B' '/home/s22100141/AFLplusplus' '-v' '-o' 'CMakeFiles/cmTC_f7fbf.dir/CMakeCXXCompilerABI.cpp.o' '-c' '-fPIC' '-g' '-O3' '-funroll-loops' '-D' '__AFL_COMPILER=1' '-D' 'FUZZING_BUILD_MODE_UNSAFE_FOR_PRODUCTION=1' '-D' '__AFL_COVERAGE()=int __afl_selective_coverage = 1]
  ignore line: [extern "C" void __afl_coverage_discard()]
  ignore line: [extern "C" void __afl_coverage_skip()]
  ignore line: [extern "C" void __afl_coverage_on()]
  ignore line: [extern "C" void __afl_coverage_off()]
  ignore line: [' '-D' '__AFL_COVERAGE_START_OFF()=int __afl_selective_coverage_start_off = 1]
  ignore line: [' '-D' '__AFL_COVERAGE_ON()=__afl_coverage_on()' '-D' '__AFL_COVERAGE_OFF()=__afl_coverage_off()' '-D' '__AFL_COVERAGE_DISCARD()=__afl_coverage_discard()' '-D' '__AFL_COVERAGE_SKIP()=__afl_coverage_skip()' '-D' '__AFL_FUZZ_TESTCASE_BUF=(__afl_fuzz_ptr ? __afl_fuzz_ptr : __afl_fuzz_alt_ptr)' '-D' '__AFL_FUZZ_TESTCASE_LEN=(__afl_fuzz_ptr ? *__afl_fuzz_len : (*__afl_fuzz_len = read(0  __afl_fuzz_alt_ptr  1048576)) == 0xffffffff ? 0 : *__afl_fuzz_len)' '-shared-libgcc' '-mtune=generic' '-march=x86-64']
  ignore line: [ /usr/lib/gcc/x86_64-linux-gnu/7/cc1plus -quiet -v -imultiarch x86_64-linux-gnu -isystem /home/s22100141/AFLplusplus/include -D_GNU_SOURCE -D __AFL_COMPILER=1 -D FUZZING_BUILD_MODE_UNSAFE_FOR_PRODUCTION=1 -D __AFL_COVERAGE()=int __afl_selective_coverage = 1]
  ignore line: [extern "C" void __afl_coverage_discard()]
  ignore line: [extern "C" void __afl_coverage_skip()]
  ignore line: [extern "C" void __afl_coverage_on()]
  ignore line: [extern "C" void __afl_coverage_off()]
  ignore line: [ -D __AFL_COVERAGE_START_OFF()=int __afl_selective_coverage_start_off = 1]
  ignore line: [ -D __AFL_COVERAGE_ON()=__afl_coverage_on() -D __AFL_COVERAGE_OFF()=__afl_coverage_off() -D __AFL_COVERAGE_DISCARD()=__afl_coverage_discard() -D __AFL_COVERAGE_SKIP()=__afl_coverage_skip() -D __AFL_FUZZ_TESTCASE_BUF=(__afl_fuzz_ptr ? __afl_fuzz_ptr : __afl_fuzz_alt_ptr) -D __AFL_FUZZ_TESTCASE_LEN=(__afl_fuzz_ptr ? *__afl_fuzz_len : (*__afl_fuzz_len = read(0  __afl_fuzz_alt_ptr  1048576)) == 0xffffffff ? 0 : *__afl_fuzz_len) /usr/local/share/cmake-3.18/Modules/CMakeCXXCompilerABI.cpp -quiet -dumpbase CMakeCXXCompilerABI.cpp -mtune=generic -march=x86-64 -auxbase-strip CMakeFiles/cmTC_f7fbf.dir/CMakeCXXCompilerABI.cpp.o -g -O3 -version -fPIC -funroll-loops -fstack-protector-strong -Wformat -Wformat-security -o /tmp/cc40bfYr.s]
  ignore line: [GNU C++14 (Ubuntu 7.5.0-3ubuntu1~18.04) version 7.5.0 (x86_64-linux-gnu)]
  ignore line: [	compiled by GNU C version 7.5.0  GMP version 6.1.2  MPFR version 4.0.1  MPC version 1.1.0  isl version isl-0.19-GMP]
  ignore line: []
  ignore line: [GGC heuristics: --param ggc-min-expand=100 --param ggc-min-heapsize=131072]
  ignore line: [ignoring duplicate directory "/usr/include/x86_64-linux-gnu/c++/7"]
  ignore line: [ignoring nonexistent directory "/usr/local/include/x86_64-linux-gnu"]
  ignore line: [ignoring nonexistent directory "/usr/lib/gcc/x86_64-linux-gnu/7/../../../../x86_64-linux-gnu/include"]
  ignore line: [#include "..." search starts here:]
  ignore line: [#include <...> search starts here:]
  ignore line: [ /home/s22100141/AFLplusplus/include]
  ignore line: [ /usr/include/c++/7]
  ignore line: [ /usr/include/x86_64-linux-gnu/c++/7]
  ignore line: [ /usr/include/c++/7/backward]
  ignore line: [ /usr/lib/gcc/x86_64-linux-gnu/7/include]
  ignore line: [ /usr/local/include]
  ignore line: [ /usr/lib/gcc/x86_64-linux-gnu/7/include-fixed]
  ignore line: [ /usr/include/x86_64-linux-gnu]
  ignore line: [ /usr/include]
  ignore line: [End of search list.]
  ignore line: [GNU C++14 (Ubuntu 7.5.0-3ubuntu1~18.04) version 7.5.0 (x86_64-linux-gnu)]
  ignore line: [	compiled by GNU C version 7.5.0  GMP version 6.1.2  MPFR version 4.0.1  MPC version 1.1.0  isl version isl-0.19-GMP]
  ignore line: []
  ignore line: [GGC heuristics: --param ggc-min-expand=100 --param ggc-min-heapsize=131072]
  ignore line: [Compiler executable checksum: 3eb3dc290cd5714c3e1c3ae751116f07]
  ignore line: [COLLECT_GCC_OPTIONS='-B' '/home/s22100141/AFLplusplus' '-v' '-o' 'CMakeFiles/cmTC_f7fbf.dir/CMakeCXXCompilerABI.cpp.o' '-c' '-fPIC' '-g' '-O3' '-funroll-loops' '-D' '__AFL_COMPILER=1' '-D' 'FUZZING_BUILD_MODE_UNSAFE_FOR_PRODUCTION=1' '-D' '__AFL_COVERAGE()=int __afl_selective_coverage = 1]
  ignore line: [extern "C" void __afl_coverage_discard()]
  ignore line: [extern "C" void __afl_coverage_skip()]
  ignore line: [extern "C" void __afl_coverage_on()]
  ignore line: [extern "C" void __afl_coverage_off()]
  ignore line: [' '-D' '__AFL_COVERAGE_START_OFF()=int __afl_selective_coverage_start_off = 1]
  ignore line: [' '-D' '__AFL_COVERAGE_ON()=__afl_coverage_on()' '-D' '__AFL_COVERAGE_OFF()=__afl_coverage_off()' '-D' '__AFL_COVERAGE_DISCARD()=__afl_coverage_discard()' '-D' '__AFL_COVERAGE_SKIP()=__afl_coverage_skip()' '-D' '__AFL_FUZZ_TESTCASE_BUF=(__afl_fuzz_ptr ? __afl_fuzz_ptr : __afl_fuzz_alt_ptr)' '-D' '__AFL_FUZZ_TESTCASE_LEN=(__afl_fuzz_ptr ? *__afl_fuzz_len : (*__afl_fuzz_len = read(0  __afl_fuzz_alt_ptr  1048576)) == 0xffffffff ? 0 : *__afl_fuzz_len)' '-shared-libgcc' '-mtune=generic' '-march=x86-64']
  ignore line: [ /home/s22100141/AFLplusplus/as -v --64 -o CMakeFiles/cmTC_f7fbf.dir/CMakeCXXCompilerABI.cpp.o /tmp/cc40bfYr.s]
  ignore line: [GNU assembler version 2.30 (x86_64-linux-gnu) using BFD version (GNU Binutils for Ubuntu) 2.30]
  ignore line: [COMPILER_PATH=/home/s22100141/AFLplusplus/:/usr/lib/gcc/x86_64-linux-gnu/7/:/usr/lib/gcc/x86_64-linux-gnu/7/:/usr/lib/gcc/x86_64-linux-gnu/:/usr/lib/gcc/x86_64-linux-gnu/7/:/usr/lib/gcc/x86_64-linux-gnu/]
  ignore line: [LIBRARY_PATH=/home/s22100141/AFLplusplus/:/usr/lib/gcc/x86_64-linux-gnu/7/:/usr/lib/gcc/x86_64-linux-gnu/7/../../../x86_64-linux-gnu/:/usr/lib/gcc/x86_64-linux-gnu/7/../../../../lib/:/lib/x86_64-linux-gnu/:/lib/../lib/:/usr/lib/x86_64-linux-gnu/:/usr/lib/../lib/:/usr/lib/gcc/x86_64-linux-gnu/7/../../../:/lib/:/usr/lib/]
  ignore line: [COLLECT_GCC_OPTIONS='-B' '/home/s22100141/AFLplusplus' '-v' '-o' 'CMakeFiles/cmTC_f7fbf.dir/CMakeCXXCompilerABI.cpp.o' '-c' '-fPIC' '-g' '-O3' '-funroll-loops' '-D' '__AFL_COMPILER=1' '-D' 'FUZZING_BUILD_MODE_UNSAFE_FOR_PRODUCTION=1' '-D' '__AFL_COVERAGE()=int __afl_selective_coverage = 1]
  ignore line: [extern "C" void __afl_coverage_discard()]
  ignore line: [extern "C" void __afl_coverage_skip()]
  ignore line: [extern "C" void __afl_coverage_on()]
  ignore line: [extern "C" void __afl_coverage_off()]
  ignore line: [' '-D' '__AFL_COVERAGE_START_OFF()=int __afl_selective_coverage_start_off = 1]
  ignore line: [' '-D' '__AFL_COVERAGE_ON()=__afl_coverage_on()' '-D' '__AFL_COVERAGE_OFF()=__afl_coverage_off()' '-D' '__AFL_COVERAGE_DISCARD()=__afl_coverage_discard()' '-D' '__AFL_COVERAGE_SKIP()=__afl_coverage_skip()' '-D' '__AFL_FUZZ_TESTCASE_BUF=(__afl_fuzz_ptr ? __afl_fuzz_ptr : __afl_fuzz_alt_ptr)' '-D' '__AFL_FUZZ_TESTCASE_LEN=(__afl_fuzz_ptr ? *__afl_fuzz_len : (*__afl_fuzz_len = read(0  __afl_fuzz_alt_ptr  1048576)) == 0xffffffff ? 0 : *__afl_fuzz_len)' '-shared-libgcc' '-mtune=generic' '-march=x86-64']
  ignore line: [Linking CXX executable cmTC_f7fbf]
  ignore line: [/usr/local/bin/cmake -E cmake_link_script CMakeFiles/cmTC_f7fbf.dir/link.txt --verbose=1]
  ignore line: [/home/s22100141/AFLplusplus/afl-c++  -v CMakeFiles/cmTC_f7fbf.dir/CMakeCXXCompilerABI.cpp.o -o cmTC_f7fbf ]
  ignore line: [Using built-in specs.]
  ignore line: [COLLECT_GCC=g++]
  ignore line: [COLLECT_LTO_WRAPPER=/usr/lib/gcc/x86_64-linux-gnu/7/lto-wrapper]
  ignore line: [OFFLOAD_TARGET_NAMES=nvptx-none]
  ignore line: [OFFLOAD_TARGET_DEFAULT=1]
  ignore line: [Target: x86_64-linux-gnu]
  ignore line: [Configured with: ../src/configure -v --with-pkgversion='Ubuntu 7.5.0-3ubuntu1~18.04' --with-bugurl=file:///usr/share/doc/gcc-7/README.Bugs --enable-languages=c ada c++ go brig d fortran objc obj-c++ --prefix=/usr --with-gcc-major-version-only --program-suffix=-7 --program-prefix=x86_64-linux-gnu- --enable-shared --enable-linker-build-id --libexecdir=/usr/lib --without-included-gettext --enable-threads=posix --libdir=/usr/lib --enable-nls --enable-bootstrap --enable-clocale=gnu --enable-libstdcxx-debug --enable-libstdcxx-time=yes --with-default-libstdcxx-abi=new --enable-gnu-unique-object --disable-vtable-verify --enable-libmpx --enable-plugin --enable-default-pie --with-system-zlib --with-target-system-zlib --enable-objc-gc=auto --enable-multiarch --disable-werror --with-arch-32=i686 --with-abi=m64 --with-multilib-list=m32 m64 mx32 --enable-multilib --with-tune=generic --enable-offload-targets=nvptx-none --without-cuda-driver --enable-checking=release --build=x86_64-linux-gnu --host=x86_64-linux-gnu --target=x86_64-linux-gnu]
  ignore line: [Thread model: posix]
  ignore line: [gcc version 7.5.0 (Ubuntu 7.5.0-3ubuntu1~18.04) ]
  ignore line: [COMPILER_PATH=/home/s22100141/AFLplusplus/:/usr/lib/gcc/x86_64-linux-gnu/7/:/usr/lib/gcc/x86_64-linux-gnu/7/:/usr/lib/gcc/x86_64-linux-gnu/:/usr/lib/gcc/x86_64-linux-gnu/7/:/usr/lib/gcc/x86_64-linux-gnu/]
  ignore line: [LIBRARY_PATH=/home/s22100141/AFLplusplus/:/usr/lib/gcc/x86_64-linux-gnu/7/:/usr/lib/gcc/x86_64-linux-gnu/7/../../../x86_64-linux-gnu/:/usr/lib/gcc/x86_64-linux-gnu/7/../../../../lib/:/lib/x86_64-linux-gnu/:/lib/../lib/:/usr/lib/x86_64-linux-gnu/:/usr/lib/../lib/:/usr/lib/gcc/x86_64-linux-gnu/7/../../../:/lib/:/usr/lib/]
  ignore line: [COLLECT_GCC_OPTIONS='-B' '/home/s22100141/AFLplusplus' '-v' '-o' 'cmTC_f7fbf' '-fPIC' '-g' '-O3' '-funroll-loops' '-D' '__AFL_COMPILER=1' '-D' 'FUZZING_BUILD_MODE_UNSAFE_FOR_PRODUCTION=1' '-D' '__AFL_COVERAGE()=int __afl_selective_coverage = 1]
  ignore line: [extern "C" void __afl_coverage_discard()]
  ignore line: [extern "C" void __afl_coverage_skip()]
  ignore line: [extern "C" void __afl_coverage_on()]
  ignore line: [extern "C" void __afl_coverage_off()]
  ignore line: [' '-D' '__AFL_COVERAGE_START_OFF()=int __afl_selective_coverage_start_off = 1]
  ignore line: [' '-D' '__AFL_COVERAGE_ON()=__afl_coverage_on()' '-D' '__AFL_COVERAGE_OFF()=__afl_coverage_off()' '-D' '__AFL_COVERAGE_DISCARD()=__afl_coverage_discard()' '-D' '__AFL_COVERAGE_SKIP()=__afl_coverage_skip()' '-D' '__AFL_FUZZ_TESTCASE_BUF=(__afl_fuzz_ptr ? __afl_fuzz_ptr : __afl_fuzz_alt_ptr)' '-D' '__AFL_FUZZ_TESTCASE_LEN=(__afl_fuzz_ptr ? *__afl_fuzz_len : (*__afl_fuzz_len = read(0  __afl_fuzz_alt_ptr  1048576)) == 0xffffffff ? 0 : *__afl_fuzz_len)' '-shared-libgcc' '-mtune=generic' '-march=x86-64']
  link line: [ /usr/lib/gcc/x86_64-linux-gnu/7/collect2 -plugin /usr/lib/gcc/x86_64-linux-gnu/7/liblto_plugin.so -plugin-opt=/usr/lib/gcc/x86_64-linux-gnu/7/lto-wrapper -plugin-opt=-fresolution=/tmp/cctYNEuu.res -plugin-opt=-pass-through=-lgcc_s -plugin-opt=-pass-through=-lgcc -plugin-opt=-pass-through=-lc -plugin-opt=-pass-through=-lgcc_s -plugin-opt=-pass-through=-lgcc --build-id --eh-frame-hdr -m elf_x86_64 --hash-style=gnu --as-needed -dynamic-linker /lib64/ld-linux-x86-64.so.2 -pie -z now -z relro -o cmTC_f7fbf /usr/lib/gcc/x86_64-linux-gnu/7/../../../x86_64-linux-gnu/Scrt1.o /usr/lib/gcc/x86_64-linux-gnu/7/../../../x86_64-linux-gnu/crti.o /usr/lib/gcc/x86_64-linux-gnu/7/crtbeginS.o -L/home/s22100141/AFLplusplus -L/usr/lib/gcc/x86_64-linux-gnu/7 -L/usr/lib/gcc/x86_64-linux-gnu/7/../../../x86_64-linux-gnu -L/usr/lib/gcc/x86_64-linux-gnu/7/../../../../lib -L/lib/x86_64-linux-gnu -L/lib/../lib -L/usr/lib/x86_64-linux-gnu -L/usr/lib/../lib -L/usr/lib/gcc/x86_64-linux-gnu/7/../../.. CMakeFiles/cmTC_f7fbf.dir/CMakeCXXCompilerABI.cpp.o -lstdc++ -lm -lgcc_s -lgcc -lc -lgcc_s -lgcc /usr/lib/gcc/x86_64-linux-gnu/7/crtendS.o /usr/lib/gcc/x86_64-linux-gnu/7/../../../x86_64-linux-gnu/crtn.o]
    arg [/usr/lib/gcc/x86_64-linux-gnu/7/collect2] ==> ignore
    arg [-plugin] ==> ignore
    arg [/usr/lib/gcc/x86_64-linux-gnu/7/liblto_plugin.so] ==> ignore
    arg [-plugin-opt=/usr/lib/gcc/x86_64-linux-gnu/7/lto-wrapper] ==> ignore
    arg [-plugin-opt=-fresolution=/tmp/cctYNEuu.res] ==> ignore
    arg [-plugin-opt=-pass-through=-lgcc_s] ==> ignore
    arg [-plugin-opt=-pass-through=-lgcc] ==> ignore
    arg [-plugin-opt=-pass-through=-lc] ==> ignore
    arg [-plugin-opt=-pass-through=-lgcc_s] ==> ignore
    arg [-plugin-opt=-pass-through=-lgcc] ==> ignore
    arg [--build-id] ==> ignore
    arg [--eh-frame-hdr] ==> ignore
    arg [-m] ==> ignore
    arg [elf_x86_64] ==> ignore
    arg [--hash-style=gnu] ==> ignore
    arg [--as-needed] ==> ignore
    arg [-dynamic-linker] ==> ignore
    arg [/lib64/ld-linux-x86-64.so.2] ==> ignore
    arg [-pie] ==> ignore
    arg [-znow] ==> ignore
    arg [-zrelro] ==> ignore
    arg [-o] ==> ignore
    arg [cmTC_f7fbf] ==> ignore
    arg [/usr/lib/gcc/x86_64-linux-gnu/7/../../../x86_64-linux-gnu/Scrt1.o] ==> ignore
    arg [/usr/lib/gcc/x86_64-linux-gnu/7/../../../x86_64-linux-gnu/crti.o] ==> ignore
    arg [/usr/lib/gcc/x86_64-linux-gnu/7/crtbeginS.o] ==> ignore
    arg [-L/home/s22100141/AFLplusplus] ==> dir [/home/s22100141/AFLplusplus]
    arg [-L/usr/lib/gcc/x86_64-linux-gnu/7] ==> dir [/usr/lib/gcc/x86_64-linux-gnu/7]
    arg [-L/usr/lib/gcc/x86_64-linux-gnu/7/../../../x86_64-linux-gnu] ==> dir [/usr/lib/gcc/x86_64-linux-gnu/7/../../../x86_64-linux-gnu]
    arg [-L/usr/lib/gcc/x86_64-linux-gnu/7/../../../../lib] ==> dir [/usr/lib/gcc/x86_64-linux-gnu/7/../../../../lib]
    arg [-L/lib/x86_64-linux-gnu] ==> dir [/lib/x86_64-linux-gnu]
    arg [-L/lib/../lib] ==> dir [/lib/../lib]
    arg [-L/usr/lib/x86_64-linux-gnu] ==> dir [/usr/lib/x86_64-linux-gnu]
    arg [-L/usr/lib/../lib] ==> dir [/usr/lib/../lib]
    arg [-L/usr/lib/gcc/x86_64-linux-gnu/7/../../..] ==> dir [/usr/lib/gcc/x86_64-linux-gnu/7/../../..]
    arg [CMakeFiles/cmTC_f7fbf.dir/CMakeCXXCompilerABI.cpp.o] ==> ignore
    arg [-lstdc++] ==> lib [stdc++]
    arg [-lm] ==> lib [m]
    arg [-lgcc_s] ==> lib [gcc_s]
    arg [-lgcc] ==> lib [gcc]
    arg [-lc] ==> lib [c]
    arg [-lgcc_s] ==> lib [gcc_s]
    arg [-lgcc] ==> lib [gcc]
    arg [/usr/lib/gcc/x86_64-linux-gnu/7/crtendS.o] ==> ignore
    arg [/usr/lib/gcc/x86_64-linux-gnu/7/../../../x86_64-linux-gnu/crtn.o] ==> ignore
  collapse library dir [/home/s22100141/AFLplusplus] ==> [/home/s22100141/AFLplusplus]
  collapse library dir [/usr/lib/gcc/x86_64-linux-gnu/7] ==> [/usr/lib/gcc/x86_64-linux-gnu/7]
  collapse library dir [/usr/lib/gcc/x86_64-linux-gnu/7/../../../x86_64-linux-gnu] ==> [/usr/lib/x86_64-linux-gnu]
  collapse library dir [/usr/lib/gcc/x86_64-linux-gnu/7/../../../../lib] ==> [/usr/lib]
  collapse library dir [/lib/x86_64-linux-gnu] ==> [/lib/x86_64-linux-gnu]
  collapse library dir [/lib/../lib] ==> [/lib]
  collapse library dir [/usr/lib/x86_64-linux-gnu] ==> [/usr/lib/x86_64-linux-gnu]
  collapse library dir [/usr/lib/../lib] ==> [/usr/lib]
  collapse library dir [/usr/lib/gcc/x86_64-linux-gnu/7/../../..] ==> [/usr/lib]
  implicit libs: [stdc++;m;gcc_s;gcc;c;gcc_s;gcc]
  implicit dirs: [/home/s22100141/AFLplusplus;/usr/lib/gcc/x86_64-linux-gnu/7;/usr/lib/x86_64-linux-gnu;/usr/lib;/lib/x86_64-linux-gnu;/lib]
  implicit fwks: []


Performing C++ SOURCE FILE Test COMPILER_HAS_HIDDEN_VISIBILITY succeeded with the following output:
Change Dir: /home/s22100141/cmark/build/CMakeFiles/CMakeTmp

Run Build Command(s):/usr/bin/make cmTC_6960b/fast && make[1]: Entering directory '/home/s22100141/cmark/build/CMakeFiles/CMakeTmp'
/usr/bin/make  -f CMakeFiles/cmTC_6960b.dir/build.make CMakeFiles/cmTC_6960b.dir/build
make[2]: Entering directory '/home/s22100141/cmark/build/CMakeFiles/CMakeTmp'
Building CXX object CMakeFiles/cmTC_6960b.dir/src.cxx.o
/home/s22100141/AFLplusplus/afl-c++   -DCOMPILER_HAS_HIDDEN_VISIBILITY   -fvisibility=hidden -o CMakeFiles/cmTC_6960b.dir/src.cxx.o -c /home/s22100141/cmark/build/CMakeFiles/CMakeTmp/src.cxx
Linking CXX executable cmTC_6960b
/usr/local/bin/cmake -E cmake_link_script CMakeFiles/cmTC_6960b.dir/link.txt --verbose=1
/home/s22100141/AFLplusplus/afl-c++  -DCOMPILER_HAS_HIDDEN_VISIBILITY CMakeFiles/cmTC_6960b.dir/src.cxx.o -o cmTC_6960b 
make[2]: Leaving directory '/home/s22100141/cmark/build/CMakeFiles/CMakeTmp'
make[1]: Leaving directory '/home/s22100141/cmark/build/CMakeFiles/CMakeTmp'


Source file was:
int main() { return 0; }
Performing C++ SOURCE FILE Test COMPILER_HAS_HIDDEN_INLINE_VISIBILITY succeeded with the following output:
Change Dir: /home/s22100141/cmark/build/CMakeFiles/CMakeTmp

Run Build Command(s):/usr/bin/make cmTC_44feb/fast && make[1]: Entering directory '/home/s22100141/cmark/build/CMakeFiles/CMakeTmp'
/usr/bin/make  -f CMakeFiles/cmTC_44feb.dir/build.make CMakeFiles/cmTC_44feb.dir/build
make[2]: Entering directory '/home/s22100141/cmark/build/CMakeFiles/CMakeTmp'
Building CXX object CMakeFiles/cmTC_44feb.dir/src.cxx.o
/home/s22100141/AFLplusplus/afl-c++   -DCOMPILER_HAS_HIDDEN_INLINE_VISIBILITY   -fvisibility-inlines-hidden -o CMakeFiles/cmTC_44feb.dir/src.cxx.o -c /home/s22100141/cmark/build/CMakeFiles/CMakeTmp/src.cxx
Linking CXX executable cmTC_44feb
/usr/local/bin/cmake -E cmake_link_script CMakeFiles/cmTC_44feb.dir/link.txt --verbose=1
/home/s22100141/AFLplusplus/afl-c++  -DCOMPILER_HAS_HIDDEN_INLINE_VISIBILITY CMakeFiles/cmTC_44feb.dir/src.cxx.o -o cmTC_44feb 
make[2]: Leaving directory '/home/s22100141/cmark/build/CMakeFiles/CMakeTmp'
make[1]: Leaving directory '/home/s22100141/cmark/build/CMakeFiles/CMakeTmp'


Source file was:
int main() { return 0; }
Performing C++ SOURCE FILE Test COMPILER_HAS_DEPRECATED_ATTR succeeded with the following output:
Change Dir: /home/s22100141/cmark/build/CMakeFiles/CMakeTmp

Run Build Command(s):/usr/bin/make cmTC_e32bc/fast && make[1]: Entering directory '/home/s22100141/cmark/build/CMakeFiles/CMakeTmp'
/usr/bin/make  -f CMakeFiles/cmTC_e32bc.dir/build.make CMakeFiles/cmTC_e32bc.dir/build
make[2]: Entering directory '/home/s22100141/cmark/build/CMakeFiles/CMakeTmp'
Building CXX object CMakeFiles/cmTC_e32bc.dir/src.cxx.o
/home/s22100141/AFLplusplus/afl-c++   -DCOMPILER_HAS_DEPRECATED_ATTR -o CMakeFiles/cmTC_e32bc.dir/src.cxx.o -c /home/s22100141/cmark/build/CMakeFiles/CMakeTmp/src.cxx
/home/s22100141/cmark/build/CMakeFiles/CMakeTmp/src.cxx: In function int main():
/home/s22100141/cmark/build/CMakeFiles/CMakeTmp/src.cxx:2:34: warning: int somefunc() is deprecated [-Wdeprecated-declarations]
     int main() { return somefunc();}
                                  ^
/home/s22100141/cmark/build/CMakeFiles/CMakeTmp/src.cxx:1:37: note: declared here
 __attribute__((__deprecated__)) int somefunc() { return 0; }
                                     ^~~~~~~~
Linking CXX executable cmTC_e32bc
/usr/local/bin/cmake -E cmake_link_script CMakeFiles/cmTC_e32bc.dir/link.txt --verbose=1
/home/s22100141/AFLplusplus/afl-c++  -DCOMPILER_HAS_DEPRECATED_ATTR CMakeFiles/cmTC_e32bc.dir/src.cxx.o -o cmTC_e32bc 
make[2]: Leaving directory '/home/s22100141/cmark/build/CMakeFiles/CMakeTmp'
make[1]: Leaving directory '/home/s22100141/cmark/build/CMakeFiles/CMakeTmp'


Source file was:
__attribute__((__deprecated__)) int somefunc() { return 0; }
    int main() { return somefunc();}
